# JRE version: OpenJDK Runtime Environment AdoptOpenJDK-11.0.11+9 (11.0.11+9) (build 11.0.11+9)
# Java VM: OpenJDK 64-Bit Server VM AdoptOpenJDK-11.0.11+9 (11.0.11+9, mixed mode, tiered, compressed oops, g1 gc, windows-amd64)
Heap:
 garbage-first heap   total 262144K, used 19800K [0x0000000701e00000, 0x0000000800000000)
  region size 1024K, 14 young (14336K), 3 survivors (3072K)
 Metaspace       used 22538K, capacity 22840K, committed 23040K, reserved 1069056K
  class space    used 2361K, capacity 2468K, committed 2560K, reserved 1048576K
GC Heap History (6 events):
Event: 0.593 GC heap before
{Heap before GC invocations=0 (full 0):
 garbage-first heap   total 262144K, used 23552K [0x0000000701e00000, 0x0000000800000000)
  region size 1024K, 24 young (24576K), 0 survivors (0K)
 Metaspace       used 12005K, capacity 12183K, committed 12416K, reserved 1060864K
  class space    used 1101K, capacity 1139K, committed 1152K, reserved 1048576K
}
Event: 0.597 GC heap after
{Heap after GC invocations=1 (full 0):
 garbage-first heap   total 262144K, used 6227K [0x0000000701e00000, 0x0000000800000000)
  region size 1024K, 3 young (3072K), 3 survivors (3072K)
 Metaspace       used 12005K, capacity 12183K, committed 12416K, reserved 1060864K
  class space    used 1101K, capacity 1139K, committed 1152K, reserved 1048576K
}
Event: 1.404 GC heap before
{Heap before GC invocations=1 (full 0):
 garbage-first heap   total 262144K, used 27731K [0x0000000701e00000, 0x0000000800000000)
  region size 1024K, 24 young (24576K), 3 survivors (3072K)
 Metaspace       used 20141K, capacity 20383K, committed 20608K, reserved 1067008K
  class space    used 2094K, capacity 2164K, committed 2176K, reserved 1048576K
}
Event: 1.407 GC heap after
{Heap after GC invocations=2 (full 0):
 garbage-first heap   total 262144K, used 9327K [0x0000000701e00000, 0x0000000800000000)
  region size 1024K, 3 young (3072K), 3 survivors (3072K)
 Metaspace       used 20141K, capacity 20383K, committed 20608K, reserved 1067008K
  class space    used 2094K, capacity 2164K, committed 2176K, reserved 1048576K
}
Event: 1.530 GC heap before
{Heap before GC invocations=2 (full 0):
 garbage-first heap   total 262144K, used 10351K [0x0000000701e00000, 0x0000000800000000)
  region size 1024K, 5 young (5120K), 3 survivors (3072K)
 Metaspace       used 20949K, capacity 21192K, committed 21248K, reserved 1069056K
  class space    used 2172K, capacity 2262K, committed 2304K, reserved 1048576K
}
Event: 1.538 GC heap after
{Heap after GC invocations=3 (full 0):
 garbage-first heap   total 262144K, used 9560K [0x0000000701e00000, 0x0000000800000000)
  region size 1024K, 3 young (3072K), 3 survivors (3072K)
 Metaspace       used 20949K, capacity 21192K, committed 21248K, reserved 1069056K
  class space    used 2172K, capacity 2262K, committed 2304K, reserved 1048576K
}

